build/app/intermediates/manifest_merge_blame_file/release/manifest-merger-blame-release-report.txt
1<?xml version="1.0" encoding="utf-8"?>
2<manifest xmlns:android="http://schemas.android.com/apk/res/android"
3    package="com.mycompany.acheinojarbas"
4    android:versionCode="1"
5    android:versionName="1.0.0" >
6
7    <uses-sdk
8        android:minSdkVersion="23"
9        android:targetSdkVersion="34" />
10
11    <uses-permission android:name="android.permission.INTERNET" />
11-->src\main\AndroidManifest.xml:4:5-66
11-->src\main\AndroidManifest.xml:4:22-64
12    <uses-permission android:name="android.permission.CAMERA" />
12-->src\main\AndroidManifest.xml:5:5-64
12-->src\main\AndroidManifest.xml:5:22-62
13    <uses-permission
13-->src\main\AndroidManifest.xml:6:5-106
14        android:name="android.permission.READ_EXTERNAL_STORAGE"
14-->src\main\AndroidManifest.xml:6:22-77
15        android:maxSdkVersion="32" />
15-->src\main\AndroidManifest.xml:6:78-104
16    <uses-permission
16-->src\main\AndroidManifest.xml:7:5-107
17        android:name="android.permission.WRITE_EXTERNAL_STORAGE"
17-->src\main\AndroidManifest.xml:7:22-78
18        android:maxSdkVersion="32" />
18-->src\main\AndroidManifest.xml:7:79-105
19    <uses-permission android:name="android.permission.INTERNET" />
19-->src\main\AndroidManifest.xml:4:5-66
19-->src\main\AndroidManifest.xml:4:22-64
20
21    <queries>
21-->[:file_picker] AndroidManifest.xml:11:5-17:15
22        <intent>
22-->[:file_picker] AndroidManifest.xml:12:9-16:18
23            <action android:name="android.intent.action.GET_CONTENT" />
23-->[:file_picker] AndroidManifest.xml:13:13-72
23-->[:file_picker] AndroidManifest.xml:13:21-69
24
25            <data android:mimeType="*/*" />
25-->src\main\AndroidManifest.xml:51:17-89
26        </intent>
27    </queries>
28
29    <uses-permission android:name="android.permission.ACCESS_NETWORK_STATE" />
29-->[com.google.firebase:firebase-auth:23.1.0] AndroidManifest.xml:26:5-79
29-->[com.google.firebase:firebase-auth:23.1.0] AndroidManifest.xml:26:22-76
30    <uses-permission android:name="com.google.android.providers.gsf.permission.READ_GSERVICES" />
30-->[com.google.android.recaptcha:recaptcha:18.5.1] AndroidManifest.xml:9:5-98
30-->[com.google.android.recaptcha:recaptcha:18.5.1] AndroidManifest.xml:9:22-95
31
32    <permission
32-->[androidx.core:core:1.13.1] AndroidManifest.xml:22:5-24:47
33        android:name="com.mycompany.acheinojarbas.DYNAMIC_RECEIVER_NOT_EXPORTED_PERMISSION"
33-->[androidx.core:core:1.13.1] AndroidManifest.xml:23:9-81
34        android:protectionLevel="signature" />
34-->[androidx.core:core:1.13.1] AndroidManifest.xml:24:9-44
35
36    <uses-permission android:name="com.mycompany.acheinojarbas.DYNAMIC_RECEIVER_NOT_EXPORTED_PERMISSION" />
36-->[androidx.core:core:1.13.1] AndroidManifest.xml:26:5-97
36-->[androidx.core:core:1.13.1] AndroidManifest.xml:26:22-94
37
38    <application
38-->src\main\AndroidManifest.xml:9:5-67:19
39        android:appComponentFactory="androidx.core.app.CoreComponentFactory"
39-->[androidx.core:core:1.13.1] AndroidManifest.xml:28:18-86
40        android:extractNativeLibs="false"
41        android:icon="@mipmap/ic_launcher"
41-->src\main\AndroidManifest.xml:12:9-43
42        android:label="Achei no Jarbas"
42-->src\main\AndroidManifest.xml:10:9-40
43        android:networkSecurityConfig="@xml/network_security_config"
43-->src\main\AndroidManifest.xml:14:9-69
44        android:requestLegacyExternalStorage="true" >
44-->src\main\AndroidManifest.xml:13:9-52
45        <activity
45-->src\main\AndroidManifest.xml:16:9-54:20
46            android:name="com.mycompany.acheinojarbas.MainActivity"
46-->src\main\AndroidManifest.xml:17:13-41
47            android:configChanges="orientation|keyboardHidden|keyboard|screenSize|smallestScreenSize|locale|layoutDirection|fontScale|screenLayout|density|uiMode"
47-->src\main\AndroidManifest.xml:21:13-163
48            android:exported="true"
48-->src\main\AndroidManifest.xml:18:13-36
49            android:hardwareAccelerated="true"
49-->src\main\AndroidManifest.xml:22:13-47
50            android:launchMode="singleTop"
50-->src\main\AndroidManifest.xml:19:13-43
51            android:theme="@style/LaunchTheme"
51-->src\main\AndroidManifest.xml:20:13-47
52            android:windowSoftInputMode="adjustResize" >
52-->src\main\AndroidManifest.xml:23:13-55
53
54            <!--
55                 Specifies an Android theme to apply to this Activity as soon as
56                 the Android process has started. This theme is visible to the user
57                 while the Flutter UI initializes. After that, this theme continues
58                 to determine the Window background behind the Flutter UI.
59            -->
60            <meta-data
60-->src\main\AndroidManifest.xml:28:13-31:17
61                android:name="io.flutter.embedding.android.NormalTheme"
61-->src\main\AndroidManifest.xml:29:15-70
62                android:resource="@style/NormalTheme" />
62-->src\main\AndroidManifest.xml:30:15-52
63            <!--
64                 Displays an Android View that continues showing the launch screen
65                 Drawable until Flutter paints its first frame, then this splash
66                 screen fades out. A splash screen is useful to avoid any visual
67                 gap between the end of Android's launch screen and the painting of
68                 Flutter's first frame.
69            -->
70            <meta-data
70-->src\main\AndroidManifest.xml:37:13-40:17
71                android:name="io.flutter.embedding.android.SplashScreenDrawable"
71-->src\main\AndroidManifest.xml:38:15-79
72                android:resource="@drawable/launch_background" />
72-->src\main\AndroidManifest.xml:39:15-61
73
74            <intent-filter>
74-->src\main\AndroidManifest.xml:41:13-44:29
75                <action android:name="android.intent.action.MAIN" />
75-->src\main\AndroidManifest.xml:42:17-68
75-->src\main\AndroidManifest.xml:42:25-66
76
77                <category android:name="android.intent.category.LAUNCHER" />
77-->src\main\AndroidManifest.xml:43:17-76
77-->src\main\AndroidManifest.xml:43:27-74
78            </intent-filter>
79            <!-- Deep linking -->
80            <meta-data
80-->src\main\AndroidManifest.xml:46:13-90
81                android:name="flutter_deeplinking_enabled"
81-->src\main\AndroidManifest.xml:46:24-66
82                android:value="true" />
82-->src\main\AndroidManifest.xml:46:67-87
83
84            <intent-filter android:autoVerify="true" >
84-->src\main\AndroidManifest.xml:47:13-52:29
84-->src\main\AndroidManifest.xml:47:28-53
85                <action android:name="android.intent.action.VIEW" />
85-->src\main\AndroidManifest.xml:48:17-69
85-->src\main\AndroidManifest.xml:48:25-66
86
87                <category android:name="android.intent.category.DEFAULT" />
87-->src\main\AndroidManifest.xml:49:17-76
87-->src\main\AndroidManifest.xml:49:27-73
88                <category android:name="android.intent.category.BROWSABLE" />
88-->src\main\AndroidManifest.xml:50:17-78
88-->src\main\AndroidManifest.xml:50:27-75
89
90                <data
90-->src\main\AndroidManifest.xml:51:17-89
91                    android:host="acheinojarbas.com"
91-->src\main\AndroidManifest.xml:51:54-86
92                    android:scheme="acheinojarbas" />
92-->src\main\AndroidManifest.xml:51:23-53
93            </intent-filter>
94        </activity>
95
96        <!--
97             Don't delete the meta-data below.
98             This is used by the Flutter tool to generate GeneratedPluginRegistrant.java
99        -->
100        <meta-data
100-->src\main\AndroidManifest.xml:58:9-60:33
101            android:name="flutterEmbedding"
101-->src\main\AndroidManifest.xml:59:13-44
102            android:value="2" />
102-->src\main\AndroidManifest.xml:60:13-30
103
104        <uses-library
104-->src\main\AndroidManifest.xml:63:9-87
105            android:name="org.apache.http.legacy"
105-->src\main\AndroidManifest.xml:63:23-60
106            android:required="false" />
106-->src\main\AndroidManifest.xml:63:61-85
107
108        <service
108-->[:cloud_firestore] AndroidManifest.xml:8:9-12:19
109            android:name="com.google.firebase.components.ComponentDiscoveryService"
109-->[:cloud_firestore] AndroidManifest.xml:8:18-89
110            android:directBootAware="true"
110-->[com.google.firebase:firebase-common:21.0.0] AndroidManifest.xml:32:13-43
111            android:exported="false" >
111-->[com.google.firebase:firebase-perf:21.0.2] AndroidManifest.xml:13:13-37
112            <meta-data
112-->[:cloud_firestore] AndroidManifest.xml:9:13-11:85
113                android:name="com.google.firebase.components:io.flutter.plugins.firebase.firestore.FlutterFirebaseFirestoreRegistrar"
113-->[:cloud_firestore] AndroidManifest.xml:10:17-134
114                android:value="com.google.firebase.components.ComponentRegistrar" />
114-->[:cloud_firestore] AndroidManifest.xml:11:17-82
115            <meta-data
115-->[:firebase_auth] AndroidManifest.xml:9:13-11:85
116                android:name="com.google.firebase.components:io.flutter.plugins.firebase.auth.FlutterFirebaseAuthRegistrar"
116-->[:firebase_auth] AndroidManifest.xml:10:17-124
117                android:value="com.google.firebase.components.ComponentRegistrar" />
117-->[:firebase_auth] AndroidManifest.xml:11:17-82
118            <meta-data
118-->[:firebase_performance] AndroidManifest.xml:11:13-13:85
119                android:name="com.google.firebase.components:io.flutter.plugins.firebase.performance.FlutterFirebaseAppRegistrar"
119-->[:firebase_performance] AndroidManifest.xml:12:17-130
120                android:value="com.google.firebase.components.ComponentRegistrar" />
120-->[:firebase_performance] AndroidManifest.xml:13:17-82
121            <meta-data
121-->[:firebase_storage] AndroidManifest.xml:9:13-11:85
122                android:name="com.google.firebase.components:io.flutter.plugins.firebase.storage.FlutterFirebaseAppRegistrar"
122-->[:firebase_storage] AndroidManifest.xml:10:17-126
123                android:value="com.google.firebase.components.ComponentRegistrar" />
123-->[:firebase_storage] AndroidManifest.xml:11:17-82
124            <meta-data
124-->[:firebase_core] AndroidManifest.xml:9:13-11:85
125                android:name="com.google.firebase.components:io.flutter.plugins.firebase.core.FlutterFirebaseCoreRegistrar"
125-->[:firebase_core] AndroidManifest.xml:10:17-124
126                android:value="com.google.firebase.components.ComponentRegistrar" />
126-->[:firebase_core] AndroidManifest.xml:11:17-82
127            <meta-data
127-->[com.google.firebase:firebase-perf:21.0.2] AndroidManifest.xml:14:13-16:85
128                android:name="com.google.firebase.components:com.google.firebase.perf.FirebasePerfKtxRegistrar"
128-->[com.google.firebase:firebase-perf:21.0.2] AndroidManifest.xml:15:17-112
129                android:value="com.google.firebase.components.ComponentRegistrar" />
129-->[com.google.firebase:firebase-perf:21.0.2] AndroidManifest.xml:16:17-82
130            <meta-data
130-->[com.google.firebase:firebase-perf:21.0.2] AndroidManifest.xml:17:13-19:85
131                android:name="com.google.firebase.components:com.google.firebase.perf.FirebasePerfRegistrar"
131-->[com.google.firebase:firebase-perf:21.0.2] AndroidManifest.xml:18:17-109
132                android:value="com.google.firebase.components.ComponentRegistrar" />
132-->[com.google.firebase:firebase-perf:21.0.2] AndroidManifest.xml:19:17-82
133            <meta-data
133-->[com.google.firebase:firebase-sessions:2.0.0] AndroidManifest.xml:29:13-31:85
134                android:name="com.google.firebase.components:com.google.firebase.sessions.FirebaseSessionsRegistrar"
134-->[com.google.firebase:firebase-sessions:2.0.0] AndroidManifest.xml:30:17-117
135                android:value="com.google.firebase.components.ComponentRegistrar" />
135-->[com.google.firebase:firebase-sessions:2.0.0] AndroidManifest.xml:31:17-82
136            <meta-data
136-->[com.google.firebase:firebase-auth:23.1.0] AndroidManifest.xml:69:13-71:85
137                android:name="com.google.firebase.components:com.google.firebase.auth.FirebaseAuthRegistrar"
137-->[com.google.firebase:firebase-auth:23.1.0] AndroidManifest.xml:70:17-109
138                android:value="com.google.firebase.components.ComponentRegistrar" />
138-->[com.google.firebase:firebase-auth:23.1.0] AndroidManifest.xml:71:17-82
139            <meta-data
139-->[com.google.firebase:firebase-firestore:25.1.1] AndroidManifest.xml:17:13-19:85
140                android:name="com.google.firebase.components:com.google.firebase.firestore.FirebaseFirestoreKtxRegistrar"
140-->[com.google.firebase:firebase-firestore:25.1.1] AndroidManifest.xml:18:17-122
141                android:value="com.google.firebase.components.ComponentRegistrar" />
141-->[com.google.firebase:firebase-firestore:25.1.1] AndroidManifest.xml:19:17-82
142            <meta-data
142-->[com.google.firebase:firebase-firestore:25.1.1] AndroidManifest.xml:20:13-22:85
143                android:name="com.google.firebase.components:com.google.firebase.firestore.FirestoreRegistrar"
143-->[com.google.firebase:firebase-firestore:25.1.1] AndroidManifest.xml:21:17-111
144                android:value="com.google.firebase.components.ComponentRegistrar" />
144-->[com.google.firebase:firebase-firestore:25.1.1] AndroidManifest.xml:22:17-82
145            <meta-data
145-->[com.google.firebase:firebase-storage:21.0.1] AndroidManifest.xml:30:13-32:85
146                android:name="com.google.firebase.components:com.google.firebase.storage.FirebaseStorageKtxRegistrar"
146-->[com.google.firebase:firebase-storage:21.0.1] AndroidManifest.xml:31:17-118
147                android:value="com.google.firebase.components.ComponentRegistrar" />
147-->[com.google.firebase:firebase-storage:21.0.1] AndroidManifest.xml:32:17-82
148            <meta-data
148-->[com.google.firebase:firebase-storage:21.0.1] AndroidManifest.xml:33:13-35:85
149                android:name="com.google.firebase.components:com.google.firebase.storage.StorageRegistrar"
149-->[com.google.firebase:firebase-storage:21.0.1] AndroidManifest.xml:34:17-107
150                android:value="com.google.firebase.components.ComponentRegistrar" />
150-->[com.google.firebase:firebase-storage:21.0.1] AndroidManifest.xml:35:17-82
151            <meta-data
151-->[com.google.firebase:firebase-config:22.0.1] AndroidManifest.xml:29:13-31:85
152                android:name="com.google.firebase.components:com.google.firebase.remoteconfig.FirebaseRemoteConfigKtxRegistrar"
152-->[com.google.firebase:firebase-config:22.0.1] AndroidManifest.xml:30:17-128
153                android:value="com.google.firebase.components.ComponentRegistrar" />
153-->[com.google.firebase:firebase-config:22.0.1] AndroidManifest.xml:31:17-82
154            <meta-data
154-->[com.google.firebase:firebase-config:22.0.1] AndroidManifest.xml:32:13-34:85
155                android:name="com.google.firebase.components:com.google.firebase.remoteconfig.RemoteConfigRegistrar"
155-->[com.google.firebase:firebase-config:22.0.1] AndroidManifest.xml:33:17-117
156                android:value="com.google.firebase.components.ComponentRegistrar" />
156-->[com.google.firebase:firebase-config:22.0.1] AndroidManifest.xml:34:17-82
157            <meta-data
157-->[com.google.firebase:firebase-installations:18.0.0] AndroidManifest.xml:15:13-17:85
158                android:name="com.google.firebase.components:com.google.firebase.installations.FirebaseInstallationsKtxRegistrar"
158-->[com.google.firebase:firebase-installations:18.0.0] AndroidManifest.xml:16:17-130
159                android:value="com.google.firebase.components.ComponentRegistrar" />
159-->[com.google.firebase:firebase-installations:18.0.0] AndroidManifest.xml:17:17-82
160            <meta-data
160-->[com.google.firebase:firebase-installations:18.0.0] AndroidManifest.xml:18:13-20:85
161                android:name="com.google.firebase.components:com.google.firebase.installations.FirebaseInstallationsRegistrar"
161-->[com.google.firebase:firebase-installations:18.0.0] AndroidManifest.xml:19:17-127
162                android:value="com.google.firebase.components.ComponentRegistrar" />
162-->[com.google.firebase:firebase-installations:18.0.0] AndroidManifest.xml:20:17-82
163            <meta-data
163-->[com.google.firebase:firebase-appcheck:18.0.0] AndroidManifest.xml:25:13-27:85
164                android:name="com.google.firebase.components:com.google.firebase.appcheck.FirebaseAppCheckKtxRegistrar"
164-->[com.google.firebase:firebase-appcheck:18.0.0] AndroidManifest.xml:26:17-120
165                android:value="com.google.firebase.components.ComponentRegistrar" />
165-->[com.google.firebase:firebase-appcheck:18.0.0] AndroidManifest.xml:27:17-82
166            <meta-data
166-->[com.google.firebase:firebase-appcheck:18.0.0] AndroidManifest.xml:28:13-30:85
167                android:name="com.google.firebase.components:com.google.firebase.appcheck.FirebaseAppCheckRegistrar"
167-->[com.google.firebase:firebase-appcheck:18.0.0] AndroidManifest.xml:29:17-117
168                android:value="com.google.firebase.components.ComponentRegistrar" />
168-->[com.google.firebase:firebase-appcheck:18.0.0] AndroidManifest.xml:30:17-82
169            <meta-data
169-->[com.google.firebase:firebase-common-ktx:21.0.0] AndroidManifest.xml:12:13-14:85
170                android:name="com.google.firebase.components:com.google.firebase.ktx.FirebaseCommonLegacyRegistrar"
170-->[com.google.firebase:firebase-common-ktx:21.0.0] AndroidManifest.xml:13:17-116
171                android:value="com.google.firebase.components.ComponentRegistrar" />
171-->[com.google.firebase:firebase-common-ktx:21.0.0] AndroidManifest.xml:14:17-82
172            <meta-data
172-->[com.google.firebase:firebase-datatransport:18.1.8] AndroidManifest.xml:27:13-29:85
173                android:name="com.google.firebase.components:com.google.firebase.datatransport.TransportRegistrar"
173-->[com.google.firebase:firebase-datatransport:18.1.8] AndroidManifest.xml:28:17-115
174                android:value="com.google.firebase.components.ComponentRegistrar" />
174-->[com.google.firebase:firebase-datatransport:18.1.8] AndroidManifest.xml:29:17-82
175            <meta-data
175-->[com.google.firebase:firebase-common:21.0.0] AndroidManifest.xml:35:13-37:85
176                android:name="com.google.firebase.components:com.google.firebase.FirebaseCommonKtxRegistrar"
176-->[com.google.firebase:firebase-common:21.0.0] AndroidManifest.xml:36:17-109
177                android:value="com.google.firebase.components.ComponentRegistrar" />
177-->[com.google.firebase:firebase-common:21.0.0] AndroidManifest.xml:37:17-82
178            <meta-data
178-->[com.google.firebase:firebase-abt:21.1.1] AndroidManifest.xml:12:13-14:85
179                android:name="com.google.firebase.components:com.google.firebase.abt.component.AbtRegistrar"
179-->[com.google.firebase:firebase-abt:21.1.1] AndroidManifest.xml:13:17-109
180                android:value="com.google.firebase.components.ComponentRegistrar" />
180-->[com.google.firebase:firebase-abt:21.1.1] AndroidManifest.xml:14:17-82
181        </service>
182
183        <provider
183-->[:image_picker_android] AndroidManifest.xml:9:9-17:20
184            android:name="io.flutter.plugins.imagepicker.ImagePickerFileProvider"
184-->[:image_picker_android] AndroidManifest.xml:10:13-82
185            android:authorities="com.mycompany.acheinojarbas.flutter.image_provider"
185-->[:image_picker_android] AndroidManifest.xml:11:13-74
186            android:exported="false"
186-->[:image_picker_android] AndroidManifest.xml:12:13-37
187            android:grantUriPermissions="true" >
187-->[:image_picker_android] AndroidManifest.xml:13:13-47
188            <meta-data
188-->[:image_picker_android] AndroidManifest.xml:14:13-16:75
189                android:name="android.support.FILE_PROVIDER_PATHS"
189-->[:image_picker_android] AndroidManifest.xml:15:17-67
190                android:resource="@xml/flutter_image_picker_file_paths" />
190-->[:image_picker_android] AndroidManifest.xml:16:17-72
191        </provider> <!-- Trigger Google Play services to install the backported photo picker module. -->
192        <service
192-->[:image_picker_android] AndroidManifest.xml:19:9-31:19
193            android:name="com.google.android.gms.metadata.ModuleDependencies"
193-->[:image_picker_android] AndroidManifest.xml:20:13-78
194            android:enabled="false"
194-->[:image_picker_android] AndroidManifest.xml:21:13-36
195            android:exported="false" >
195-->[:image_picker_android] AndroidManifest.xml:22:13-37
196            <intent-filter>
196-->[:image_picker_android] AndroidManifest.xml:24:13-26:29
197                <action android:name="com.google.android.gms.metadata.MODULE_DEPENDENCIES" />
197-->[:image_picker_android] AndroidManifest.xml:25:17-94
197-->[:image_picker_android] AndroidManifest.xml:25:25-91
198            </intent-filter>
199
200            <meta-data
200-->[:image_picker_android] AndroidManifest.xml:28:13-30:36
201                android:name="photopicker_activity:0:required"
201-->[:image_picker_android] AndroidManifest.xml:29:17-63
202                android:value="" />
202-->[:image_picker_android] AndroidManifest.xml:30:17-33
203        </service>
204
205        <activity
205-->[:url_launcher_android] AndroidManifest.xml:8:9-11:74
206            android:name="io.flutter.plugins.urllauncher.WebViewActivity"
206-->[:url_launcher_android] AndroidManifest.xml:9:13-74
207            android:exported="false"
207-->[:url_launcher_android] AndroidManifest.xml:10:13-37
208            android:theme="@android:style/Theme.NoTitleBar.Fullscreen" />
208-->[:url_launcher_android] AndroidManifest.xml:11:13-71
209
210        <service
210-->[com.google.firebase:firebase-sessions:2.0.0] AndroidManifest.xml:22:9-25:40
211            android:name="com.google.firebase.sessions.SessionLifecycleService"
211-->[com.google.firebase:firebase-sessions:2.0.0] AndroidManifest.xml:23:13-80
212            android:enabled="true"
212-->[com.google.firebase:firebase-sessions:2.0.0] AndroidManifest.xml:24:13-35
213            android:exported="false" />
213-->[com.google.firebase:firebase-sessions:2.0.0] AndroidManifest.xml:25:13-37
214
215        <activity
215-->[com.google.firebase:firebase-auth:23.1.0] AndroidManifest.xml:29:9-46:20
216            android:name="com.google.firebase.auth.internal.GenericIdpActivity"
216-->[com.google.firebase:firebase-auth:23.1.0] AndroidManifest.xml:30:13-80
217            android:excludeFromRecents="true"
217-->[com.google.firebase:firebase-auth:23.1.0] AndroidManifest.xml:31:13-46
218            android:exported="true"
218-->[com.google.firebase:firebase-auth:23.1.0] AndroidManifest.xml:32:13-36
219            android:launchMode="singleTask"
219-->[com.google.firebase:firebase-auth:23.1.0] AndroidManifest.xml:33:13-44
220            android:theme="@android:style/Theme.Translucent.NoTitleBar" >
220-->[com.google.firebase:firebase-auth:23.1.0] AndroidManifest.xml:34:13-72
221            <intent-filter>
221-->[com.google.firebase:firebase-auth:23.1.0] AndroidManifest.xml:35:13-45:29
222                <action android:name="android.intent.action.VIEW" />
222-->src\main\AndroidManifest.xml:48:17-69
222-->src\main\AndroidManifest.xml:48:25-66
223
224                <category android:name="android.intent.category.DEFAULT" />
224-->src\main\AndroidManifest.xml:49:17-76
224-->src\main\AndroidManifest.xml:49:27-73
225                <category android:name="android.intent.category.BROWSABLE" />
225-->src\main\AndroidManifest.xml:50:17-78
225-->src\main\AndroidManifest.xml:50:27-75
226
227                <data
227-->src\main\AndroidManifest.xml:51:17-89
228                    android:host="firebase.auth"
228-->src\main\AndroidManifest.xml:51:54-86
229                    android:path="/"
230                    android:scheme="genericidp" />
230-->src\main\AndroidManifest.xml:51:23-53
231            </intent-filter>
232        </activity>
233        <activity
233-->[com.google.firebase:firebase-auth:23.1.0] AndroidManifest.xml:47:9-64:20
234            android:name="com.google.firebase.auth.internal.RecaptchaActivity"
234-->[com.google.firebase:firebase-auth:23.1.0] AndroidManifest.xml:48:13-79
235            android:excludeFromRecents="true"
235-->[com.google.firebase:firebase-auth:23.1.0] AndroidManifest.xml:49:13-46
236            android:exported="true"
236-->[com.google.firebase:firebase-auth:23.1.0] AndroidManifest.xml:50:13-36
237            android:launchMode="singleTask"
237-->[com.google.firebase:firebase-auth:23.1.0] AndroidManifest.xml:51:13-44
238            android:theme="@android:style/Theme.Translucent.NoTitleBar" >
238-->[com.google.firebase:firebase-auth:23.1.0] AndroidManifest.xml:52:13-72
239            <intent-filter>
239-->[com.google.firebase:firebase-auth:23.1.0] AndroidManifest.xml:53:13-63:29
240                <action android:name="android.intent.action.VIEW" />
240-->src\main\AndroidManifest.xml:48:17-69
240-->src\main\AndroidManifest.xml:48:25-66
241
242                <category android:name="android.intent.category.DEFAULT" />
242-->src\main\AndroidManifest.xml:49:17-76
242-->src\main\AndroidManifest.xml:49:27-73
243                <category android:name="android.intent.category.BROWSABLE" />
243-->src\main\AndroidManifest.xml:50:17-78
243-->src\main\AndroidManifest.xml:50:27-75
244
245                <data
245-->src\main\AndroidManifest.xml:51:17-89
246                    android:host="firebase.auth"
246-->src\main\AndroidManifest.xml:51:54-86
247                    android:path="/"
248                    android:scheme="recaptcha" />
248-->src\main\AndroidManifest.xml:51:23-53
249            </intent-filter>
250        </activity>
251
252        <service
252-->[com.google.android.datatransport:transport-backend-cct:3.1.9] AndroidManifest.xml:28:9-34:19
253            android:name="com.google.android.datatransport.runtime.backends.TransportBackendDiscovery"
253-->[com.google.android.datatransport:transport-backend-cct:3.1.9] AndroidManifest.xml:29:13-103
254            android:exported="false" >
254-->[com.google.android.datatransport:transport-backend-cct:3.1.9] AndroidManifest.xml:30:13-37
255            <meta-data
255-->[com.google.android.datatransport:transport-backend-cct:3.1.9] AndroidManifest.xml:31:13-33:39
256                android:name="backend:com.google.android.datatransport.cct.CctBackendFactory"
256-->[com.google.android.datatransport:transport-backend-cct:3.1.9] AndroidManifest.xml:32:17-94
257                android:value="cct" />
257-->[com.google.android.datatransport:transport-backend-cct:3.1.9] AndroidManifest.xml:33:17-36
258        </service>
259        <service
259-->[androidx.credentials:credentials-play-services-auth:1.2.0-rc01] AndroidManifest.xml:24:9-32:19
260            android:name="androidx.credentials.playservices.CredentialProviderMetadataHolder"
260-->[androidx.credentials:credentials-play-services-auth:1.2.0-rc01] AndroidManifest.xml:25:13-94
261            android:enabled="true"
261-->[androidx.credentials:credentials-play-services-auth:1.2.0-rc01] AndroidManifest.xml:26:13-35
262            android:exported="false" >
262-->[androidx.credentials:credentials-play-services-auth:1.2.0-rc01] AndroidManifest.xml:27:13-37
263            <meta-data
263-->[androidx.credentials:credentials-play-services-auth:1.2.0-rc01] AndroidManifest.xml:29:13-31:104
264                android:name="androidx.credentials.CREDENTIAL_PROVIDER_KEY"
264-->[androidx.credentials:credentials-play-services-auth:1.2.0-rc01] AndroidManifest.xml:30:17-76
265                android:value="androidx.credentials.playservices.CredentialProviderPlayServicesImpl" />
265-->[androidx.credentials:credentials-play-services-auth:1.2.0-rc01] AndroidManifest.xml:31:17-101
266        </service>
267
268        <activity
268-->[androidx.credentials:credentials-play-services-auth:1.2.0-rc01] AndroidManifest.xml:34:9-41:20
269            android:name="androidx.credentials.playservices.HiddenActivity"
269-->[androidx.credentials:credentials-play-services-auth:1.2.0-rc01] AndroidManifest.xml:35:13-76
270            android:configChanges="orientation|screenSize|screenLayout|keyboardHidden"
270-->[androidx.credentials:credentials-play-services-auth:1.2.0-rc01] AndroidManifest.xml:36:13-87
271            android:enabled="true"
271-->[androidx.credentials:credentials-play-services-auth:1.2.0-rc01] AndroidManifest.xml:37:13-35
272            android:exported="false"
272-->[androidx.credentials:credentials-play-services-auth:1.2.0-rc01] AndroidManifest.xml:38:13-37
273            android:fitsSystemWindows="true"
273-->[androidx.credentials:credentials-play-services-auth:1.2.0-rc01] AndroidManifest.xml:39:13-45
274            android:theme="@style/Theme.Hidden" >
274-->[androidx.credentials:credentials-play-services-auth:1.2.0-rc01] AndroidManifest.xml:40:13-48
275        </activity>
276        <activity
276-->[com.google.android.gms:play-services-auth:21.0.0] AndroidManifest.xml:23:9-27:75
277            android:name="com.google.android.gms.auth.api.signin.internal.SignInHubActivity"
277-->[com.google.android.gms:play-services-auth:21.0.0] AndroidManifest.xml:24:13-93
278            android:excludeFromRecents="true"
278-->[com.google.android.gms:play-services-auth:21.0.0] AndroidManifest.xml:25:13-46
279            android:exported="false"
279-->[com.google.android.gms:play-services-auth:21.0.0] AndroidManifest.xml:26:13-37
280            android:theme="@android:style/Theme.Translucent.NoTitleBar" />
280-->[com.google.android.gms:play-services-auth:21.0.0] AndroidManifest.xml:27:13-72
281        <!--
282            Service handling Google Sign-In user revocation. For apps that do not integrate with
283            Google Sign-In, this service will never be started.
284        -->